<?xml version="1.0" encoding="UTF-8"?>
<!-- Generated by org.testng.reporters.JUnitXMLReporter -->
<testsuite ignored="0" hostname="LAPTOP-UDIH4PQG" failures="1" tests="4" name="Test" time="5.84" errors="0" timestamp="2022-11-08T12:13:49 IST">
  <testcase classname="amazonpage.login" name="gettitle" time="0.038"/>
  <testcase classname="amazonpage.operation" name="geturl" time="0.014"/>
  <testcase classname="amazonpage.operation" name="dropdown" time="0.537"/>
  <testcase classname="amazonpage.operation" name="Screenshot" time="0.578">
    <failure type="java.io.FileNotFoundException" message="C:\today.png (Access is denied)">
      <![CDATA[java.io.FileNotFoundException: C:\today.png (Access is denied)
at java.base/java.io.FileOutputStream.open0(Native Method)
at java.base/java.io.FileOutputStream.open(FileOutputStream.java:293)
at java.base/java.io.FileOutputStream.<init>(FileOutputStream.java:235)
at java.base/java.io.FileOutputStream.<init>(FileOutputStream.java:184)
at org.apache.commons.io.FileUtils.doCopyFile(FileUtils.java:1139)
at org.apache.commons.io.FileUtils.copyFile(FileUtils.java:1091)
at org.apache.commons.io.FileUtils.copyFile(FileUtils.java:1038)
at amazonpage.operation.Screenshot(operation.java:33)
at java.base/java.util.ArrayList.forEach(ArrayList.java:1511)
... Removed 27 stack frames]]>
    </failure>
  </testcase> <!-- Screenshot -->
</testsuite> <!-- Test -->
